app/build/outputs/logs/manifest-merger-debug-report.txt
-- Merging decision tree log ---
manifest
ADDED from src\main\AndroidManifest.xml:2:1-18:12
	xmlns:android
		ADDED from src\main\AndroidManifest.xml:2:11-69
	package
		ADDED from src\main\AndroidManifest.xml:3:4-37
		INJECTED from src\main\AndroidManifest.xml
		INJECTED from src\main\AndroidManifest.xml
	android:versionName
		ADDED from src\main\AndroidManifest.xml:4:4-29
		INJECTED from src\main\AndroidManifest.xml
		INJECTED from src\main\AndroidManifest.xml
	android:versionCode
		ADDED from src\main\AndroidManifest.xml:3:38-61
		INJECTED from src\main\AndroidManifest.xml
		INJECTED from src\main\AndroidManifest.xml
application
ADDED from src\main\AndroidManifest.xml:5:4-16:18
	android:label
		ADDED from src\main\AndroidManifest.xml:6:7-39
	android:icon
		ADDED from src\main\AndroidManifest.xml:5:17-46
	android:theme
		ADDED from src\main\AndroidManifest.xml:7:7-54
activity#com.deitel.flagquizgame.FlagQuizGame
ADDED from src\main\AndroidManifest.xml:8:7-15:18
	android:screenOrientation
		ADDED from src\main\AndroidManifest.xml:10:10-46
	android:label
		ADDED from src\main\AndroidManifest.xml:9:10-42
	android:name
		ADDED from src\main\AndroidManifest.xml:8:17-45
intent-filter#android.intent.action.MAIN+android.intent.category.LAUNCHER
ADDED from src\main\AndroidManifest.xml:11:10-14:26
action#android.intent.action.MAIN
ADDED from src\main\AndroidManifest.xml:12:13-65
	android:name
		ADDED from src\main\AndroidManifest.xml:12:21-62
category#android.intent.category.LAUNCHER
ADDED from src\main\AndroidManifest.xml:13:13-73
	android:name
		ADDED from src\main\AndroidManifest.xml:13:23-70
uses-sdk
ADDED from src\main\AndroidManifest.xml:17:4-71
	android:targetSdkVersion
		ADDED from src\main\AndroidManifest.xml:17:40-69
		INJECTED from src\main\AndroidManifest.xml
		INJECTED from src\main\AndroidManifest.xml
	android:minSdkVersion
		ADDED from src\main\AndroidManifest.xml:17:14-39
		INJECTED from src\main\AndroidManifest.xml
		INJECTED from src\main\AndroidManifest.xml